0 info it worked if it ends with ok
1 verbose cli [ '/usr/sbin/v0.10.26/bin/node',
1 verbose cli   '/usr/sbin/v0.10.26/bin/npm',
1 verbose cli   'run',
1 verbose cli   'dev' ]
2 info using npm@1.4.3
3 info using node@v0.10.26
4 error Error: ENOENT, open '/home/yeehaa/Documents/mpc/src/package.json'
5 error If you need help, you may report this *entire* log,
5 error including the npm and node versions, at:
5 error     <http://github.com/npm/npm/issues>
6 error System Linux 3.13.0-45-generic
7 error command "/usr/sbin/v0.10.26/bin/node" "/usr/sbin/v0.10.26/bin/npm" "run" "dev"
8 error cwd /home/yeehaa/Documents/mpc/src
9 error node -v v0.10.26
10 error npm -v 1.4.3
11 error path /home/yeehaa/Documents/mpc/src/package.json
12 error code ENOENT
13 error errno 34
14 verbose exit [ 34, true ]
